<?xml version="1.0" encoding="UTF-8"?>
<!-- Generated by org.testng.reporters.JUnitXMLReporter -->
<testsuite ignored="0" hostname="DESKTOP-V5N9R93" failures="0" tests="3" name="Default test" time="8.005" errors="0" timestamp="2023-10-02T06:24:39 IST">
  <testcase classname="JavaLogicalProblem.Ovels_String" name="test0" time="7.92"/>
  <testcase classname="JavaLogicalProblem.Ovels_String" name="test1" time="0.003"/>
  <testcase classname="JavaLogicalProblem.Ovels_String" name="test2" time="0.003"/>
</testsuite> <!-- Default test -->
