<?xml version="1.0" encoding="UTF-8"?>
<!-- Generated by org.testng.reporters.JUnitXMLReporter -->
<testsuite ignored="0" hostname="DESKTOP-V5N9R93" failures="0" tests="4" name="Default test" time="0.112" errors="0" timestamp="2023-09-18T06:32:20 IST">
  <testcase classname="JavaLogicalProblem.PalindromeString" name="test1" time="0.013"/>
  <testcase classname="JavaLogicalProblem.PalindromeString" name="test2" time="0.003"/>
  <testcase classname="JavaLogicalProblem.PalindromeString" name="test3" time="0.005"/>
  <testcase classname="JavaLogicalProblem.PalindromeString" name="test4" time="0.004"/>
</testsuite> <!-- Default test -->
