<?xml version="1.0" encoding="UTF-8"?>
<!-- Generated by org.testng.reporters.JUnitXMLReporter -->
<testsuite ignored="4" hostname="DESKTOP-V5N9R93" failures="0" tests="3" name="Test01" time="0.111" errors="0" timestamp="2023-09-03T05:09:04 IST">
  <testcase classname="Aug15th.GroupBy" name="test0" time="0.013"/>
  <testcase classname="Aug15th.Group_Demo0" name="test3" time="0.006"/>
  <testcase classname="Aug15th.Group_Demo1" name="test5" time="0.003"/>
  <testcase classname="Aug15th.GroupBy" name="test2" time="0.0">
    <ignored/>
  </testcase> <!-- test2 -->
  <testcase classname="Aug15th.Group_Demo0" name="test4" time="0.0">
    <ignored/>
  </testcase> <!-- test4 -->
  <testcase classname="Aug15th.GroupBy" name="test1" time="0.0">
    <ignored/>
  </testcase> <!-- test1 -->
  <testcase classname="Aug15th.Group_Demo1" name="test6" time="0.0">
    <ignored/>
  </testcase> <!-- test6 -->
</testsuite> <!-- Test01 -->
