<?xml version="1.0" encoding="UTF-8"?>
<testng-results ignored="0" total="4" passed="4" failed="0" skipped="0">
  <reporter-output>
  </reporter-output>
  <suite started-at="2023-09-18T06:32:20 IST" name="Default suite" finished-at="2023-09-18T06:32:20 IST" duration-ms="112">
    <groups>
    </groups>
    <test started-at="2023-09-18T06:32:20 IST" name="Default test" finished-at="2023-09-18T06:32:20 IST" duration-ms="112">
      <class name="JavaLogicalProblem.PalindromeString">
        <test-method signature="test1()[pri:1, instance:JavaLogicalProblem.PalindromeString@247d8ae]" started-at="2023-09-18T06:32:20 IST" name="test1" finished-at="2023-09-18T06:32:20 IST" duration-ms="13" status="PASS">
          <reporter-output>
          </reporter-output>
        </test-method> <!-- test1 -->
        <test-method signature="test2()[pri:2, instance:JavaLogicalProblem.PalindromeString@247d8ae]" started-at="2023-09-18T06:32:20 IST" name="test2" finished-at="2023-09-18T06:32:20 IST" duration-ms="3" status="PASS">
          <reporter-output>
          </reporter-output>
        </test-method> <!-- test2 -->
        <test-method signature="test3()[pri:3, instance:JavaLogicalProblem.PalindromeString@247d8ae]" started-at="2023-09-18T06:32:20 IST" name="test3" finished-at="2023-09-18T06:32:20 IST" duration-ms="5" status="PASS">
          <reporter-output>
          </reporter-output>
        </test-method> <!-- test3 -->
        <test-method signature="test4()[pri:4, instance:JavaLogicalProblem.PalindromeString@247d8ae]" started-at="2023-09-18T06:32:20 IST" name="test4" finished-at="2023-09-18T06:32:20 IST" duration-ms="4" status="PASS">
          <reporter-output>
          </reporter-output>
        </test-method> <!-- test4 -->
      </class> <!-- JavaLogicalProblem.PalindromeString -->
    </test> <!-- Default test -->
  </suite> <!-- Default suite -->
</testng-results>
