<?xml version="1.0" encoding="UTF-8"?>
<testng-results ignored="0" total="2" passed="2" failed="0" skipped="0">
  <reporter-output>
  </reporter-output>
  <suite started-at="2023-12-07T19:28:13 IST" name="Default suite" finished-at="2023-12-07T19:28:13 IST" duration-ms="92">
    <groups>
    </groups>
    <test started-at="2023-12-07T19:28:13 IST" name="Default test" finished-at="2023-12-07T19:28:13 IST" duration-ms="92">
      <class name="JavaLogicalProblem.Ovels_String">
        <test-method signature="test1()[pri:1, instance:JavaLogicalProblem.Ovels_String@17046283]" started-at="2023-12-07T19:28:13 IST" name="test1" finished-at="2023-12-07T19:28:13 IST" duration-ms="16" status="PASS">
          <reporter-output>
          </reporter-output>
        </test-method> <!-- test1 -->
        <test-method signature="test2()[pri:2, instance:JavaLogicalProblem.Ovels_String@17046283]" started-at="2023-12-07T19:28:13 IST" name="test2" finished-at="2023-12-07T19:28:13 IST" duration-ms="5" status="PASS">
          <reporter-output>
          </reporter-output>
        </test-method> <!-- test2 -->
      </class> <!-- JavaLogicalProblem.Ovels_String -->
    </test> <!-- Default test -->
  </suite> <!-- Default suite -->
</testng-results>
